app/build/outputs/logs/manifest-merger-debug-report.txt
-- Merging decision tree log ---
manifest
ADDED from src/main/AndroidManifest.xml:2:1-87:12
INJECTED from src/main/AndroidManifest.xml:2:1-87:12
INJECTED from src/main/AndroidManifest.xml:2:1-87:12
INJECTED from src/main/AndroidManifest.xml:2:1-87:12
MERGED from [com.google.android.support:wearable:2.2.0] AndroidManifest.xml:2:1-15:12
MERGED from [com.google.android.gms:play-services-wearable:11.8.0] AndroidManifest.xml:17:1-24:12
MERGED from [com.android.support:percent:26.1.0] AndroidManifest.xml:17:1-28:12
MERGED from [com.google.android.gms:play-services-base:11.8.0] AndroidManifest.xml:17:1-29:12
MERGED from [com.google.android.gms:play-services-tasks:11.8.0] AndroidManifest.xml:2:1-9:12
MERGED from [com.google.android.gms:play-services-basement:11.8.0] AndroidManifest.xml:17:1-28:12
MERGED from [com.android.support:support-v4:26.1.0] AndroidManifest.xml:17:1-31:12
MERGED from [com.android.support:recyclerview-v7:26.1.0] AndroidManifest.xml:17:1-28:12
MERGED from [com.android.support:palette-v7:26.1.0] AndroidManifest.xml:17:1-28:12
MERGED from [com.android.support:support-fragment:26.1.0] AndroidManifest.xml:17:1-31:12
MERGED from [com.android.support:support-core-utils:26.1.0] AndroidManifest.xml:17:1-31:12
MERGED from [com.android.support:support-media-compat:26.1.0] AndroidManifest.xml:17:1-31:12
MERGED from [com.android.support:support-core-ui:26.1.0] AndroidManifest.xml:17:1-31:12
MERGED from [com.android.support:support-compat:26.1.0] AndroidManifest.xml:17:1-31:12
MERGED from [com.google.android.gms:play-services-wearable-license:11.8.0] AndroidManifest.xml:2:1-6:12
MERGED from [com.google.android.gms:play-services-base-license:11.8.0] AndroidManifest.xml:2:1-6:12
MERGED from [com.google.android.gms:play-services-basement-license:11.8.0] AndroidManifest.xml:2:1-6:12
MERGED from [com.google.android.gms:play-services-tasks-license:11.8.0] AndroidManifest.xml:2:1-6:12
MERGED from [android.arch.lifecycle:runtime:1.0.0] AndroidManifest.xml:17:1-30:12
INJECTED from src/main/AndroidManifest.xml:2:1-87:12
INJECTED from src/main/AndroidManifest.xml:2:1-87:12
INJECTED from src/main/AndroidManifest.xml:2:1-87:12
	package
		ADDED from src/main/AndroidManifest.xml:3:5-55
		INJECTED from src/main/AndroidManifest.xml
		INJECTED from src/main/AndroidManifest.xml
	android:versionName
		INJECTED from src/main/AndroidManifest.xml
		ADDED from src/main/AndroidManifest.xml:2:1-87:12
		INJECTED from src/main/AndroidManifest.xml
	android:versionCode
		INJECTED from src/main/AndroidManifest.xml
		ADDED from src/main/AndroidManifest.xml:2:1-87:12
		INJECTED from src/main/AndroidManifest.xml
	xmlns:android
		ADDED from src/main/AndroidManifest.xml:2:11-69
uses-feature#android.hardware.type.watch
ADDED from src/main/AndroidManifest.xml:5:5-64
	android:name
		ADDED from src/main/AndroidManifest.xml:5:19-61
uses-permission#android.permission.WAKE_LOCK
ADDED from src/main/AndroidManifest.xml:8:5-68
	android:name
		ADDED from src/main/AndroidManifest.xml:8:22-65
uses-permission#com.google.android.wearable.permission.RECEIVE_COMPLICATION_DATA
ADDED from src/main/AndroidManifest.xml:9:5-104
	android:name
		ADDED from src/main/AndroidManifest.xml:9:22-101
application
ADDED from src/main/AndroidManifest.xml:11:5-85:19
MERGED from [com.google.android.support:wearable:2.2.0] AndroidManifest.xml:9:5-13:19
MERGED from [com.google.android.support:wearable:2.2.0] AndroidManifest.xml:9:5-13:19
MERGED from [com.google.android.gms:play-services-wearable:11.8.0] AndroidManifest.xml:22:5-20
MERGED from [com.google.android.gms:play-services-wearable:11.8.0] AndroidManifest.xml:22:5-20
MERGED from [com.android.support:percent:26.1.0] AndroidManifest.xml:22:5-26:19
MERGED from [com.android.support:percent:26.1.0] AndroidManifest.xml:22:5-26:19
MERGED from [com.google.android.gms:play-services-base:11.8.0] AndroidManifest.xml:22:5-27:19
MERGED from [com.google.android.gms:play-services-base:11.8.0] AndroidManifest.xml:22:5-27:19
MERGED from [com.google.android.gms:play-services-tasks:11.8.0] AndroidManifest.xml:7:5-20
MERGED from [com.google.android.gms:play-services-tasks:11.8.0] AndroidManifest.xml:7:5-20
MERGED from [com.google.android.gms:play-services-basement:11.8.0] AndroidManifest.xml:22:5-26:19
MERGED from [com.google.android.gms:play-services-basement:11.8.0] AndroidManifest.xml:22:5-26:19
MERGED from [com.android.support:support-v4:26.1.0] AndroidManifest.xml:25:5-29:19
MERGED from [com.android.support:support-v4:26.1.0] AndroidManifest.xml:25:5-29:19
MERGED from [com.android.support:recyclerview-v7:26.1.0] AndroidManifest.xml:22:5-26:19
MERGED from [com.android.support:recyclerview-v7:26.1.0] AndroidManifest.xml:22:5-26:19
MERGED from [com.android.support:palette-v7:26.1.0] AndroidManifest.xml:22:5-26:19
MERGED from [com.android.support:palette-v7:26.1.0] AndroidManifest.xml:22:5-26:19
MERGED from [com.android.support:support-fragment:26.1.0] AndroidManifest.xml:25:5-29:19
MERGED from [com.android.support:support-fragment:26.1.0] AndroidManifest.xml:25:5-29:19
MERGED from [com.android.support:support-core-utils:26.1.0] AndroidManifest.xml:25:5-29:19
MERGED from [com.android.support:support-core-utils:26.1.0] AndroidManifest.xml:25:5-29:19
MERGED from [com.android.support:support-media-compat:26.1.0] AndroidManifest.xml:25:5-29:19
MERGED from [com.android.support:support-media-compat:26.1.0] AndroidManifest.xml:25:5-29:19
MERGED from [com.android.support:support-core-ui:26.1.0] AndroidManifest.xml:25:5-29:19
MERGED from [com.android.support:support-core-ui:26.1.0] AndroidManifest.xml:25:5-29:19
MERGED from [com.android.support:support-compat:26.1.0] AndroidManifest.xml:25:5-29:19
MERGED from [com.android.support:support-compat:26.1.0] AndroidManifest.xml:25:5-29:19
MERGED from [com.google.android.gms:play-services-wearable-license:11.8.0] AndroidManifest.xml:5:5-20
MERGED from [com.google.android.gms:play-services-wearable-license:11.8.0] AndroidManifest.xml:5:5-20
MERGED from [com.google.android.gms:play-services-base-license:11.8.0] AndroidManifest.xml:5:5-20
MERGED from [com.google.android.gms:play-services-base-license:11.8.0] AndroidManifest.xml:5:5-20
MERGED from [com.google.android.gms:play-services-basement-license:11.8.0] AndroidManifest.xml:5:5-20
MERGED from [com.google.android.gms:play-services-basement-license:11.8.0] AndroidManifest.xml:5:5-20
MERGED from [com.google.android.gms:play-services-tasks-license:11.8.0] AndroidManifest.xml:5:5-20
MERGED from [com.google.android.gms:play-services-tasks-license:11.8.0] AndroidManifest.xml:5:5-20
MERGED from [android.arch.lifecycle:runtime:1.0.0] AndroidManifest.xml:24:5-28:19
MERGED from [android.arch.lifecycle:runtime:1.0.0] AndroidManifest.xml:24:5-28:19
	android:supportsRtl
		ADDED from src/main/AndroidManifest.xml:15:9-35
	android:label
		ADDED from src/main/AndroidManifest.xml:14:9-41
	android:icon
		ADDED from src/main/AndroidManifest.xml:13:9-43
	android:allowBackup
		ADDED from src/main/AndroidManifest.xml:12:9-35
	android:theme
		ADDED from src/main/AndroidManifest.xml:16:9-59
meta-data#com.google.android.wearable.standalone
ADDED from src/main/AndroidManifest.xml:17:9-19:36
	android:value
		ADDED from src/main/AndroidManifest.xml:19:13-33
	android:name
		ADDED from src/main/AndroidManifest.xml:18:13-66
service#com.example.nmthuong.demoopenglwatchface.MainAnaLogWatchFace
ADDED from src/main/AndroidManifest.xml:21:9-41:19
	android:label
		ADDED from src/main/AndroidManifest.xml:23:13-41
	android:permission
		ADDED from src/main/AndroidManifest.xml:24:13-67
	android:name
		ADDED from src/main/AndroidManifest.xml:22:13-48
meta-data#android.service.wallpaper
ADDED from src/main/AndroidManifest.xml:25:13-27:54
	android:resource
		ADDED from src/main/AndroidManifest.xml:27:17-51
	android:name
		ADDED from src/main/AndroidManifest.xml:26:17-57
meta-data#com.google.android.wearable.watchface.preview
ADDED from src/main/AndroidManifest.xml:28:13-30:63
	android:resource
		ADDED from src/main/AndroidManifest.xml:30:17-60
	android:name
		ADDED from src/main/AndroidManifest.xml:29:17-77
meta-data#com.google.android.wearable.watchface.preview_circular
ADDED from src/main/AndroidManifest.xml:31:13-33:63
	android:resource
		ADDED from src/main/AndroidManifest.xml:33:17-60
	android:name
		ADDED from src/main/AndroidManifest.xml:32:17-86
service#com.example.nmthuong.demoopenglwatchface.TestService
ADDED from src/main/AndroidManifest.xml:43:9-65:19
	android:label
		ADDED from src/main/AndroidManifest.xml:45:13-45
	android:permission
		ADDED from src/main/AndroidManifest.xml:46:13-67
	android:name
		ADDED from src/main/AndroidManifest.xml:44:13-40
meta-data#com.google.android.wearable.watchface.wearableConfigurationAction
ADDED from src/main/AndroidManifest.xml:47:13-49:93
	android:value
		ADDED from src/main/AndroidManifest.xml:49:17-91
	android:name
		ADDED from src/main/AndroidManifest.xml:48:17-97
intent-filter#android.service.wallpaper.WallpaperService+com.google.android.wearable.watchface.category.WATCH_FACE
ADDED from src/main/AndroidManifest.xml:59:13-63:29
action#android.service.wallpaper.WallpaperService
ADDED from src/main/AndroidManifest.xml:60:17-85
	android:name
		ADDED from src/main/AndroidManifest.xml:60:25-82
category#com.google.android.wearable.watchface.category.WATCH_FACE
ADDED from src/main/AndroidManifest.xml:62:17-102
	android:name
		ADDED from src/main/AndroidManifest.xml:62:27-99
meta-data#com.google.android.gms.version
ADDED from src/main/AndroidManifest.xml:67:9-69:69
MERGED from [com.google.android.gms:play-services-basement:11.8.0] AndroidManifest.xml:23:9-25:69
MERGED from [com.google.android.gms:play-services-basement:11.8.0] AndroidManifest.xml:23:9-25:69
	android:value
		ADDED from src/main/AndroidManifest.xml:69:13-66
	android:name
		ADDED from src/main/AndroidManifest.xml:68:13-58
activity#android.support.wearable.complications.ComplicationHelperActivity
ADDED from src/main/AndroidManifest.xml:72:9-101
	android:name
		ADDED from src/main/AndroidManifest.xml:72:19-99
activity#com.example.nmthuong.demoopenglwatchface.ComplicationConfigActivity
ADDED from src/main/AndroidManifest.xml:75:9-83:20
	android:label
		ADDED from src/main/AndroidManifest.xml:77:13-45
	android:name
		ADDED from src/main/AndroidManifest.xml:76:13-55
intent-filter#android.intent.category.DEFAULT+com.example.android.wearable.watchface.CONFIG_COMPLICATION+com.google.android.wearable.watchface.category.WEARABLE_CONFIGURATION
ADDED from src/main/AndroidManifest.xml:78:13-82:29
action#com.example.android.wearable.watchface.CONFIG_COMPLICATION
ADDED from src/main/AndroidManifest.xml:79:17-100
	android:name
		ADDED from src/main/AndroidManifest.xml:79:25-98
category#com.google.android.wearable.watchface.category.WEARABLE_CONFIGURATION
ADDED from src/main/AndroidManifest.xml:80:17-113
	android:name
		ADDED from src/main/AndroidManifest.xml:80:27-111
category#android.intent.category.DEFAULT
ADDED from src/main/AndroidManifest.xml:81:17-75
	android:name
		ADDED from src/main/AndroidManifest.xml:81:27-73
uses-sdk
INJECTED from src/main/AndroidManifest.xml reason: use-sdk injection requested
INJECTED from src/main/AndroidManifest.xml
INJECTED from src/main/AndroidManifest.xml
MERGED from [com.google.android.support:wearable:2.2.0] AndroidManifest.xml:5:5-7:41
MERGED from [com.google.android.support:wearable:2.2.0] AndroidManifest.xml:5:5-7:41
MERGED from [com.google.android.gms:play-services-wearable:11.8.0] AndroidManifest.xml:20:5-44
MERGED from [com.google.android.gms:play-services-wearable:11.8.0] AndroidManifest.xml:20:5-44
MERGED from [com.android.support:percent:26.1.0] AndroidManifest.xml:20:5-44
MERGED from [com.android.support:percent:26.1.0] AndroidManifest.xml:20:5-44
MERGED from [com.google.android.gms:play-services-base:11.8.0] AndroidManifest.xml:20:5-44
MERGED from [com.google.android.gms:play-services-base:11.8.0] AndroidManifest.xml:20:5-44
MERGED from [com.google.android.gms:play-services-tasks:11.8.0] AndroidManifest.xml:5:5-44
MERGED from [com.google.android.gms:play-services-tasks:11.8.0] AndroidManifest.xml:5:5-44
MERGED from [com.google.android.gms:play-services-basement:11.8.0] AndroidManifest.xml:20:5-44
MERGED from [com.google.android.gms:play-services-basement:11.8.0] AndroidManifest.xml:20:5-44
MERGED from [com.android.support:support-v4:26.1.0] AndroidManifest.xml:21:5-23:54
MERGED from [com.android.support:support-v4:26.1.0] AndroidManifest.xml:21:5-23:54
MERGED from [com.android.support:recyclerview-v7:26.1.0] AndroidManifest.xml:20:5-44
MERGED from [com.android.support:recyclerview-v7:26.1.0] AndroidManifest.xml:20:5-44
MERGED from [com.android.support:palette-v7:26.1.0] AndroidManifest.xml:20:5-44
MERGED from [com.android.support:palette-v7:26.1.0] AndroidManifest.xml:20:5-44
MERGED from [com.android.support:support-fragment:26.1.0] AndroidManifest.xml:21:5-23:60
MERGED from [com.android.support:support-fragment:26.1.0] AndroidManifest.xml:21:5-23:60
MERGED from [com.android.support:support-core-utils:26.1.0] AndroidManifest.xml:21:5-23:61
MERGED from [com.android.support:support-core-utils:26.1.0] AndroidManifest.xml:21:5-23:61
MERGED from [com.android.support:support-media-compat:26.1.0] AndroidManifest.xml:21:5-23:63
MERGED from [com.android.support:support-media-compat:26.1.0] AndroidManifest.xml:21:5-23:63
MERGED from [com.android.support:support-core-ui:26.1.0] AndroidManifest.xml:21:5-23:58
MERGED from [com.android.support:support-core-ui:26.1.0] AndroidManifest.xml:21:5-23:58
MERGED from [com.android.support:support-compat:26.1.0] AndroidManifest.xml:21:5-23:58
MERGED from [com.android.support:support-compat:26.1.0] AndroidManifest.xml:21:5-23:58
MERGED from [com.google.android.gms:play-services-wearable-license:11.8.0] AndroidManifest.xml:4:5-43
MERGED from [com.google.android.gms:play-services-wearable-license:11.8.0] AndroidManifest.xml:4:5-43
MERGED from [com.google.android.gms:play-services-base-license:11.8.0] AndroidManifest.xml:4:5-43
MERGED from [com.google.android.gms:play-services-base-license:11.8.0] AndroidManifest.xml:4:5-43
MERGED from [com.google.android.gms:play-services-basement-license:11.8.0] AndroidManifest.xml:4:5-43
MERGED from [com.google.android.gms:play-services-basement-license:11.8.0] AndroidManifest.xml:4:5-43
MERGED from [com.google.android.gms:play-services-tasks-license:11.8.0] AndroidManifest.xml:4:5-43
MERGED from [com.google.android.gms:play-services-tasks-license:11.8.0] AndroidManifest.xml:4:5-43
MERGED from [android.arch.lifecycle:runtime:1.0.0] AndroidManifest.xml:20:5-22:41
MERGED from [android.arch.lifecycle:runtime:1.0.0] AndroidManifest.xml:20:5-22:41
INJECTED from src/main/AndroidManifest.xml
INJECTED from src/main/AndroidManifest.xml
	tools:overrideLibrary
		ADDED from [com.android.support:support-v4:26.1.0] AndroidManifest.xml:23:9-51
	android:targetSdkVersion
		INJECTED from src/main/AndroidManifest.xml
		ADDED from src/main/AndroidManifest.xml
		INJECTED from src/main/AndroidManifest.xml
	android:minSdkVersion
		INJECTED from src/main/AndroidManifest.xml
		ADDED from src/main/AndroidManifest.xml
		INJECTED from src/main/AndroidManifest.xml
uses-library#com.google.android.wearable
ADDED from [com.google.android.support:wearable:2.2.0] AndroidManifest.xml:10:9-12:40
	android:required
		ADDED from [com.google.android.support:wearable:2.2.0] AndroidManifest.xml:12:13-37
	android:name
		ADDED from [com.google.android.support:wearable:2.2.0] AndroidManifest.xml:11:13-55
meta-data#android.support.VERSION
ADDED from [com.android.support:percent:26.1.0] AndroidManifest.xml:23:9-25:38
MERGED from [com.android.support:support-v4:26.1.0] AndroidManifest.xml:26:9-28:38
MERGED from [com.android.support:support-v4:26.1.0] AndroidManifest.xml:26:9-28:38
MERGED from [com.android.support:recyclerview-v7:26.1.0] AndroidManifest.xml:23:9-25:38
MERGED from [com.android.support:recyclerview-v7:26.1.0] AndroidManifest.xml:23:9-25:38
MERGED from [com.android.support:palette-v7:26.1.0] AndroidManifest.xml:23:9-25:38
MERGED from [com.android.support:palette-v7:26.1.0] AndroidManifest.xml:23:9-25:38
MERGED from [com.android.support:support-fragment:26.1.0] AndroidManifest.xml:26:9-28:38
MERGED from [com.android.support:support-fragment:26.1.0] AndroidManifest.xml:26:9-28:38
MERGED from [com.android.support:support-core-utils:26.1.0] AndroidManifest.xml:26:9-28:38
MERGED from [com.android.support:support-core-utils:26.1.0] AndroidManifest.xml:26:9-28:38
MERGED from [com.android.support:support-media-compat:26.1.0] AndroidManifest.xml:26:9-28:38
MERGED from [com.android.support:support-media-compat:26.1.0] AndroidManifest.xml:26:9-28:38
MERGED from [com.android.support:support-core-ui:26.1.0] AndroidManifest.xml:26:9-28:38
MERGED from [com.android.support:support-core-ui:26.1.0] AndroidManifest.xml:26:9-28:38
MERGED from [com.android.support:support-compat:26.1.0] AndroidManifest.xml:26:9-28:38
MERGED from [com.android.support:support-compat:26.1.0] AndroidManifest.xml:26:9-28:38
	android:value
		ADDED from [com.android.support:percent:26.1.0] AndroidManifest.xml:25:13-35
	android:name
		ADDED from [com.android.support:percent:26.1.0] AndroidManifest.xml:24:13-51
activity#com.google.android.gms.common.api.GoogleApiActivity
ADDED from [com.google.android.gms:play-services-base:11.8.0] AndroidManifest.xml:23:9-26:75
	android:exported
		ADDED from [com.google.android.gms:play-services-base:11.8.0] AndroidManifest.xml:25:13-37
	android:theme
		ADDED from [com.google.android.gms:play-services-base:11.8.0] AndroidManifest.xml:26:13-72
	android:name
		ADDED from [com.google.android.gms:play-services-base:11.8.0] AndroidManifest.xml:24:13-79
meta-data#android.arch.lifecycle.VERSION
ADDED from [android.arch.lifecycle:runtime:1.0.0] AndroidManifest.xml:25:9-27:47
	android:value
		ADDED from [android.arch.lifecycle:runtime:1.0.0] AndroidManifest.xml:27:13-44
	android:name
		ADDED from [android.arch.lifecycle:runtime:1.0.0] AndroidManifest.xml:26:13-58